2 0.50345 0.243762 0.637049 -0.649261 0.760559 -0.00231472 -0.0021092
3 0.49909 0.243209 0.656681 -0.648498 0.761146 -0.00723702 0.00742916
9 0.512791 0.213636 0.651607 -0.630338 0.776298 -0.00546173 0.00231695
12 0.411366 0.259961 0.689308 -0.584089 0.811647 -0.00269882 0.00789551
17 0.369458 0.459995 0.652445 -0.557688 0.829785 -0.011901 -0.0172759
19 0.303929 0.429937 0.671339 -0.571134 0.820631 0.0176927 0.00761766
22 0.203043 0.498099 0.659356 -0.590115 0.807273 0.00622121 0.00588828
27 0.180047 0.497683 0.658294 0.724242 -0.688994 0.0088647 0.0260994
29 0.148198 0.527547 0.639678 -0.663683 0.748001 0.00367899 -0.00251636
30 0.133028 0.513383 0.656057 -0.655679 0.754954 0.00640345 0.00943587
31 0.17211 0.560775 0.643947 -0.642571 0.766222 -0.00194369 0.00117561
35 0.231066 0.553153 0.655262 -0.641532 0.766898 0.0153133 0.00826897
39 0.18452 0.688027 0.599619 -0.655388 0.753967 -0.0140767 -0.0424686
40 0.109583 0.582876 0.701867 -0.650707 0.758563 0.0239069 0.0243306
41 0.145051 0.657424 0.651228 -0.649696 0.759231 0.0168644 -0.0343546
42 0.0579953 0.554283 0.60328 -0.65567 0.754797 0.00907985 0.0171957
50 0.12953 0.56966 0.650067 -0.643623 0.764812 -0.00437159 -0.0281482
60 0.137638 0.665684 0.654917 -0.647255 0.762039 0.0157703 0.0104339
74 0.375509 0.287041 0.703607 -0.616688 0.787097 0.00557805 0.0119568
76 0.459554 0.256265 0.659976 -0.601395 0.798864 -0.00593961 0.0102129
77 0.492461 0.272236 0.656846 -0.596677 0.802452 -0.00299398 0.00620953
80 0.526609 0.334148 0.65032 -0.5977 0.801702 2.4783e-06 0.00537479
81 0.532425 0.365858 0.642904 -0.595422 0.803407 -0.00264501 0.00177735
83 0.56995 0.375125 0.647436 -0.59978 0.80006 0.00796416 0.0102153
98 0.602385 0.470008 0.652091 -0.519509 0.85446 -0.00304459 -0.000135849
99 0.577696 0.489966 0.654567 -0.505748 0.862669 -0.00412671 -0.00209994
102 0.496214 0.474237 0.649249 -0.510724 0.859734 0.00416165 0.00113253
103 0.50265 0.46883 0.652606 -0.506837 0.862032 0.00350195 0.00232463
104 0.520823 0.458434 0.652144 -0.503394 0.86405 -0.00040028 0.00353413
107 0.572551 0.442937 0.638655 -0.485808 0.874051 0.00377996 -0.00348685
108 0.586654 0.447438 0.664347 -0.473393 0.880832 0.00216481 0.00532645
109 0.612074 0.443979 0.660922 -0.457662 0.889081 0.00837278 -0.00323369
110 0.605394 0.468477 0.659623 -0.432971 0.901407 0.000240832 -0.00146435
111 0.605353 0.486495 0.649303 -0.421551 0.906785 -0.00590851 0.00101987
112 0.59459 0.482301 0.657769 -0.414212 0.910173 -0.00074485 0.00360557
113 0.589559 0.478329 0.6621 -0.400234 0.916389 -0.000436288 0.00655158
114 0.597572 0.498973 0.666165 -0.387524 0.921808 -0.00744025 -0.00625256
120 0.561829 0.42992 0.675274 -0.408861 0.912529 0.00146237 -0.0110269
123 0.507724 0.477136 0.68272 -0.433969 0.900848 -0.00380256 -0.0113578
125 0.461109 0.542427 0.64232 -0.447074 0.894247 -0.0040477 0.0207431
126 0.519268 0.643518 0.658269 -0.44242 0.896769 -0.00628856 0.00545992
127 0.543325 0.633883 0.652606 -0.447428 0.894303 0.00534754 0.000897379
132 0.548611 0.724919 0.666243 -0.469753 0.882785 0.00414849 0.00224945
136 0.603593 0.816368 0.677306 -0.503588 0.8638 0.0155038 0.0028072
139 0.602351 0.956564 0.670504 -0.50541 0.862875 -0.000150999 -0.00277673
142 0.607002 0.973961 0.663091 -0.531097 0.847016 0.00882905 0.0205373
143 0.632069 1.01013 0.654224 -0.528814 0.848674 0.00068155 0.0103802
150 0.663585 1.08767 0.702734 -0.593817 0.803983 0.0197825 0.0245307
158 0.956813 1.04389 0.638043 -0.67689 0.735428 -0.00164498 0.031022
162 1.01664 1.04362 0.663455 -0.675726 0.736625 0.00983366 0.0261237
163 1.03663 1.06703 0.650173 -0.676406 0.736062 0.0018652 0.0261621
166 1.0427 1.0997 0.712627 -0.67488 0.736779 -0.0155767 0.038083
168 1.05518 1.08171 0.713989 -0.688945 0.723552 -0.016071 0.0396097
181 1.11841 0.67939 0.616012 -0.699834 0.713826 -0.0068315 0.0252592
185 1.07583 0.633535 0.67034 -0.700333 0.713232 -0.00945384 0.0272722
189 1.0252 0.492103 0.665762 -0.700406 0.713367 -0.0129789 0.0192566
190 1.05158 0.423666 0.602097 -0.701119 0.712785 -0.0151162 0.0118419
197 1.08468 0.339817 0.605321 -0.704182 0.709757 -0.0154889 0.0115045
198 1.08698 0.324457 0.605046 -0.703749 0.710189 -0.0155544 0.0112397
202 1.09575 0.276038 0.622828 -0.70144 0.712504 -0.00958437 -0.0151359
207 1.11595 0.0338431 0.635394 0.709082 -0.704904 0.0139154 -0.0109665
212 0.885818 -0.126317 0.725716 0.710721 -0.702034 0.0102713 -0.0438035
231 0.946945 -0.0888154 0.725993 -0.705539 0.707052 -0.00845359 0.047125
235 0.920873 -0.105452 0.740145 -0.706058 0.706385 -0.00538468 0.0497301
252 1.01361 -0.269395 0.712086 0.719898 -0.693213 0.0209489 -0.0276372
255 1.01848 -0.346345 0.711916 0.727055 -0.685569 0.0244469 -0.0280851
271 1.09685 -0.316732 0.694004 -0.703847 0.709508 -0.0269184 0.0217741
275 1.1375 -0.340321 0.696565 -0.690262 0.723072 -0.0200781 0.0173934
277 1.1622 -0.329931 0.693346 -0.672922 0.738769 -0.0285815 0.0240498
278 1.18539 -0.334429 0.708171 -0.670938 0.740397 -0.0249382 0.032137
280 1.25167 -0.340124 0.732336 -0.663301 0.746864 -0.0215912 0.0419633
281 1.26929 -0.331799 0.707269 -0.666482 0.743504 -0.0375212 0.0399504
284 1.3714 -0.340654 0.739326 -0.657006 0.75172 -0.0295138 0.0488847
285 1.35915 -0.30615 0.747111 -0.656159 0.751928 -0.0504903 0.0388704
286 1.47888 -0.277752 0.702471 -0.655303 0.752892 -0.0502462 0.0347422
288 1.41852 -0.331553 0.73266 -0.658628 0.750407 -0.0316696 0.0457846
296 1.44692 -0.347437 0.746334 -0.657483 0.7508 -0.0366791 0.0516732
297 1.47021 -0.343458 0.751709 -0.657226 0.751384 -0.0307515 0.0503127
300 1.55185 -0.259866 0.69787 -0.65389 0.75395 -0.0487939 0.040088
302 1.55027 -0.214642 0.694428 -0.65737 0.750979 -0.0450388 0.0432025
303 1.54777 -0.18548 0.70399 -0.657225 0.751428 -0.0413709 0.0412355
304 1.5127 -0.223321 0.703027 -0.646522 0.760245 -0.0245604 0.0585902
307 1.59214 -0.181357 0.737714 -0.653105 0.756444 -0.0103351 0.0337698
308 1.61267 -0.190411 0.745845 -0.653494 0.756025 -0.00791636 0.0361841
316 1.6775 -0.121753 0.710961 -0.64815 0.759128 -0.0416086 0.0435192
321 1.65296 0.102433 0.714228 -0.644127 0.762834 -0.0330883 0.0457045
323 1.68931 0.182825 0.72058 -0.648543 0.759708 -0.0277663 0.0382746
325 1.75617 0.25938 0.713866 -0.641613 0.765822 -0.0268231 0.0335948
326 1.78981 0.315052 0.705847 -0.642805 0.765239 -0.0244598 0.024753
328 1.70987 0.411976 0.687939 -0.590487 0.805219 -0.0204185 0.0503026
332 1.73147 0.670594 0.694938 -0.60298 0.797516 0.0119796 0.0155039
333 1.71893 0.691481 0.684512 -0.605988 0.795304 0.00909588 0.0136846
337 1.72485 0.719523 0.700233 -0.625504 0.779888 0.0144304 0.0176312
339 1.71399 0.769212 0.647961 -0.636484 0.7697 -0.00745822 0.0489353
341 1.7149 0.821647 0.671943 -0.648245 0.760265 0.000542138 0.0421467
342 1.70128 0.848075 0.668788 -0.648807 0.759783 0.0016686 0.0421578
343 1.68026 0.845385 0.672402 -0.649487 0.757971 0.00646062 0.0600445
345 1.7098 0.918581 0.662735 -0.659701 0.750274 0.00998296 0.0422263
346 1.70664 0.941385 0.649254 -0.656109 0.752858 0.0159789 0.0497081
347 1.72368 0.966647 0.672317 -0.660699 0.748778 0.00537682 0.0527163
349 1.71275 1.01564 0.689169 -0.660028 0.748669 0.00522097 0.0618881
350 1.73217 1.05969 0.677895 -0.665595 0.744759 0.000843071 0.0481327
351 1.73937 1.05767 0.688338 -0.662254 0.747057 0.00233913 0.0576248
354 1.79606 1.02421 0.688498 -0.66121 0.748148 0.00473294 0.0552578
355 1.82223 1.02236 0.691381 -0.664672 0.745559 0.00327966 0.0484059
358 1.85399 1.00137 0.706247 -0.666271 0.74426 -0.00224322 0.0464245
365 1.84325 1.00322 0.694953 -0.668611 0.74238 0.00260177 0.0427165
373 1.78765 0.939749 0.672854 -0.659531 0.750391 0.00850595 0.0431147
379 1.76305 1.09283 0.708 -0.663698 0.746454 0.0143408 0.0458966
380 1.77801 1.14506 0.689495 -0.663948 0.746215 0.00653114 0.0478937
382 1.80362 1.20809 0.704337 -0.668765 0.741465 0.0132653 0.0529808
383 1.83929 1.29038 0.676674 -0.676145 0.735961 0.0130091 0.0319531
385 1.83222 1.30898 0.724435 -0.668261 0.739249 0.0217792 0.0803918
386 1.85704 1.35227 0.744464 -0.666118 0.740972 0.0202009 0.0827018
402 1.98008 1.53624 0.783016 -0.682121 0.727757 0.0104864 0.0705043
403 2.05228 1.47366 0.742604 -0.677041 0.73324 0.019016 0.060104
417 1.89788 0.723698 0.793155 -0.661171 0.746747 -0.0173113 0.0701659
420 1.90948 0.612444 0.776952 -0.659626 0.748268 -0.0223402 0.0670043
437 1.98421 0.524283 0.726571 -0.651857 0.75557 -0.0191149 0.0619054
439 1.95322 0.544555 0.710854 -0.642618 0.76393 -0.0297538 0.0506698
444 1.99201 0.447575 0.721112 -0.660704 0.747849 -0.0245785 0.0598972
449 2.00273 0.192352 0.668636 -0.661501 0.747552 -0.0155433 0.0578001
479 2.02491 0.0724055 0.789801 -0.635035 0.771587 -0.0288738 0.023467
485 2.09385 0.00632766 0.724954 -0.645032 0.761242 -0.0484517 0.0457897
489 2.22544 -0.0401748 0.754065 -0.626532 0.77705 -0.0508212 0.0326625
490 2.26269 -0.0451489 0.736409 -0.62349 0.779595 -0.046303 0.0367038
491 2.29678 -0.0347679 0.741631 -0.614819 0.78692 -0.0416731 0.0319018
492 2.26966 -0.0236644 0.7287 -0.600661 0.797552 -0.0423235 0.0364004
493 2.25848 -0.0397491 0.747788 -0.598489 0.799239 -0.0448144 0.0319263
504 2.20262 -0.0280429 0.729776 -0.579637 0.813453 -0.038044 0.0294758
507 2.19655 0.0229677 0.715307 -0.571876 0.818872 -0.0362627 0.0330398
510 2.20622 0.0128804 0.701383 -0.563305 0.824677 -0.0348231 0.0371747
543 2.3713 -0.195614 0.767605 -0.615556 0.786146 -0.0520223 0.0189297
545 2.47073 -0.197142 0.746818 -0.615629 0.785707 -0.0589165 0.0139726
549 2.45427 -0.295186 0.794061 -0.592685 0.803705 -0.0495874 0.0180029
554 2.45201 -0.391347 0.725077 -0.589255 0.804716 -0.0360917 0.0625247
555 2.56704 -0.344457 0.789872 -0.583707 0.809995 -0.0548039 0.0138112
556 2.58078 -0.300563 0.769159 -0.586957 0.805878 -0.0756903 0.017715
557 2.626 -0.265393 0.776236 -0.593875 0.801264 -0.0697905 0.0204354
558 2.67411 -0.240035 0.811183 -0.605033 0.793962 -0.0518987 0.0294269
559 2.74612 -0.228273 0.834574 -0.608989 0.791632 -0.0384158 0.0312353
560 2.71728 -0.308107 0.820234 -0.615327 0.784064 -0.0297474 0.0756984
561 2.85051 -0.235179 0.819024 -0.613403 0.787898 -0.0477117 0.0260405
611 2.8345 -0.558511 0.839712 0.72824 -0.68088 0.0503741 -0.0594172
617 2.79123 -0.605821 0.830081 0.721231 -0.68777 0.0537593 -0.0625164
720 3.35239 -1.03708 1.02078 0.99461 -0.0474967 0.0393288 0.0833555
734 3.31824 -1.30514 0.930441 0.995888 0.0684821 0.0552424 -0.0215797
737 3.33815 -1.30665 0.956345 0.99632 0.0502776 0.0651876 -0.0238456
777 3.29455 -1.31207 1.00792 0.983194 -0.156791 0.0859191 -0.0369223
828 2.73453 -0.992598 0.829794 0.91031 -0.408796 0.0605223 -0.0236392
844 2.88167 -0.165671 0.826003 -0.0592076 0.995899 -0.0196544 0.0655298
845 2.88127 -0.182659 0.834796 -0.0557062 0.996156 -0.0199582 0.0645844
847 2.91534 -0.110485 0.806659 -0.0123468 0.996674 -0.0192136 0.0782296
849 2.99465 -0.00569717 0.839266 -0.00188947 0.998586 -0.017874 0.0500224
851 2.96563 0.0295883 0.850419 0.0222653 0.998609 -0.010055 0.04673
857 2.97026 -0.0356905 0.833711 0.0169838 0.997371 -0.0136481 0.0691128
863 2.97807 -0.0938608 0.828291 -0.00951519 0.997169 -0.0183228 0.0723093
865 3.04862 -0.124453 0.829723 -0.0525743 0.997521 -0.0207598 0.0419174
866 3.03396 -0.100526 0.861584 -0.0631136 0.995835 -0.0397364 0.0524432
867 2.9542 -0.167637 0.827294 -0.0757928 0.993954 -0.0185927 0.0772373
870 3.09501 -0.0536242 0.868508 -0.0604562 0.994914 -0.00581869 0.0803518
872 3.1462 0.08727 0.872704 -0.0798116 0.994708 -0.0219617 0.0608514
873 3.15801 0.13063 0.873167 -0.0731902 0.995288 -0.0197452 0.0604597
875 3.15553 0.165053 0.857424 -0.0858263 0.993921 -0.0168193 0.0668661
876 3.15432 0.185575 0.852995 -0.0900313 0.993523 -0.0171722 0.0671681
885 2.96765 0.18811 0.847183 -0.0505813 0.995963 -0.00524118 0.0739727
888 2.90148 0.30719 0.884026 -0.0391906 0.997341 -0.0143985 0.0597288
891 3.01406 0.323487 0.836797 -0.0570341 0.996493 -0.010439 0.0603322
900 2.91537 0.336173 0.871338 -0.0582577 0.996211 -0.0140726 0.0630162
906 2.9159 0.210398 0.815776 -0.0782434 0.995137 -0.00680303 0.0594509
914 2.90209 0.198768 0.814123 -0.0858373 0.994563 -0.00993603 0.0581254
917 2.96187 0.197051 0.841147 -0.0862331 0.994591 -0.0211319 0.0539153
918 2.8581 0.218303 0.867879 -0.0702074 0.995339 -0.0283138 0.0597382
943 3.01682 0.16206 0.817498 -0.128504 0.989439 -0.0155408 0.0652356
944 2.95687 0.156656 0.783519 -0.125136 0.989354 -0.0218296 0.0710158
947 3.10418 0.210386 0.820639 -0.125965 0.98956 -0.0164986 0.0680595
948 3.06414 0.189515 0.85481 -0.125246 0.988981 -0.0134437 0.077776
962 3.20554 0.148053 0.87825 -0.124802 0.989185 -0.00383624 0.0769581
997 3.80282 -0.203294 0.908451 0.761095 -0.635441 0.103587 -0.0788647
1009 3.75737 -0.39367 0.92456 0.744688 -0.664415 0.0612564 -0.0154896
1018 3.72893 0.0919514 0.864461 0.727649 -0.678186 0.0706775 -0.0748033
1020 3.7808 0.156071 0.878045 0.727564 -0.679895 0.062492 -0.0669908
1023 3.87135 0.308917 0.945733 0.730185 -0.677667 0.0478916 -0.0728281
1024 3.88715 0.328229 0.954699 0.731895 -0.675734 0.0452391 -0.0752818
1026 3.90969 0.397537 0.886795 0.742006 -0.665305 0.0600312 -0.0564972
1028 3.87975 0.453485 0.889379 0.734189 -0.672513 0.0716098 -0.0597021
1029 3.84242 0.444866 0.874072 0.728143 -0.677313 0.0760567 -0.072595
1036 3.90354 0.494775 0.880604 0.735902 -0.67242 0.0566321 -0.0556129
1039 3.84938 0.474694 0.855137 0.73885 -0.666501 0.0610122 -0.078455
1043 3.8525 0.52926 0.869995 0.740424 -0.664858 0.0549985 -0.0819179
1044 3.8526 0.575218 0.864758 0.739917 -0.665687 0.0561632 -0.0789202
1047 3.83526 0.715922 0.876431 0.736524 -0.670397 0.0433098 -0.0788904
1048 3.82997 0.823232 0.953154 0.732469 -0.675719 0.0319345 -0.076642
1049 3.83743 0.912588 0.963594 0.731263 -0.678083 0.0617806 -0.0405129
1052 3.90454 1.01583 0.94335 0.739318 -0.670163 0.0465996 -0.0460388
1054 3.91724 1.03051 0.995289 0.728765 -0.680666 0.0160603 -0.0730618
1058 3.87545 1.09195 0.922759 0.741113 -0.667631 0.0429881 -0.0563218
1063 3.86457 1.07899 0.925383 0.745637 -0.659385 0.0463072 -0.0842199
1068 3.98272 1.05801 0.955826 0.750412 -0.657539 0.0497086 -0.0453089
1075 3.92105 0.612157 0.851808 0.72765 -0.682156 0.0411725 -0.0591016
1076 3.93696 0.588173 0.846263 0.723823 -0.686508 0.0419633 -0.0550145
1080 3.9837 0.491687 0.8922 0.706816 -0.701342 0.0181691 -0.0905493
1086 3.91901 0.118392 0.869618 -0.703341 0.707646 -0.0458941 0.0494079
1087 3.88254 0.00378619 0.860464 0.706627 -0.702949 0.0407373 -0.069868
1090 3.98195 -0.150824 0.859143 0.720309 -0.692678 -0.0149908 -0.0335709
1092 3.93025 -0.144791 0.905604 0.710848 -0.699354 0.0600252 -0.0446713
1093 4.07787 -0.153028 0.924186 0.720679 -0.692129 -0.0397238 -0.00100311
1095 3.97393 -0.0985223 0.890636 0.711175 -0.698973 0.0546718 -0.0517387
1100 3.92915 -0.223337 0.860873 0.71202 -0.69805 0.0604984 -0.045757
1101 3.93762 -0.242391 0.83046 0.705699 -0.703463 0.077298 -0.0339617
1103 3.96507 -0.329528 0.902243 0.714102 -0.698394 0.0244092 -0.041324
1104 3.97455 -0.333337 0.923641 0.711287 -0.701351 0.0386661 -0.0261315
1105 3.99781 -0.347585 0.916649 0.708891 -0.704239 0.0336157 -0.0197559
1106 4.01571 -0.327136 0.848458 -0.703463 0.709737 -0.0284799 0.0245277
1107 4.01951 -0.350155 0.901123 -0.673366 0.738362 -0.0193412 0.0320293
1110 4.0459 -0.226217 0.90149 -0.490572 0.868359 -0.0432956 0.0584475
1119 4.40969 -0.2591 0.93535 -0.453108 0.884305 -0.0738765 0.0850901
1126 4.44475 -0.322395 0.946997 -0.451939 0.886571 -0.0560575 0.0812488
1136 4.41818 -0.353551 0.940724 -0.464324 0.879463 -0.0663582 0.0808979
1141 4.42568 -0.40866 0.958564 -0.471024 0.875045 -0.0743231 0.0831227
1149 4.36545 -0.499085 0.943708 -0.439045 0.892624 -0.0676162 0.0767524
1155 4.31737 -0.365536 0.935831 -0.44949 0.886671 -0.0726845 0.0805621
1156 4.3532 -0.317082 0.934809 -0.449889 0.889114 -0.0517449 0.0663171
1157 4.2219 -0.319405 0.993063 -0.449648 0.88931 -0.0544598 0.0630816
1158 4.31731 -0.277359 0.929434 -0.455328 0.889298 -0.0348294 0.0247458
1160 4.22648 -0.299631 0.902629 -0.449824 0.88931 -0.053057 0.0630081
1162 4.21256 -0.290291 0.915196 -0.449302 0.892317 -0.0247406 0.0358564
1164 4.18227 -0.29726 0.909362 -0.455245 0.888866 -0.0212844 0.047088
1167 4.21263 -0.251671 0.913992 -0.458786 0.886387 -0.0161831 0.059755
1168 4.21729 -0.236343 0.917167 -0.460056 0.884914 -0.0187467 0.0701679
1172 4.28082 -0.183238 0.928532 -0.470268 0.879512 -0.0193054 0.0702348
1173 4.28757 -0.171285 0.936564 -0.463777 0.882593 -0.0234247 0.0734339
1178 4.26754 -0.201731 0.936872 -0.48088 0.872179 -0.022108 0.0870088
1181 4.34324 -0.134354 0.975354 -0.479831 0.871042 -0.0411519 0.0967175
1183 4.3933 -0.113307 0.885853 -0.482993 0.872926 -0.0268229 0.0632317
1228 4.80631 -0.162522 1.0158 -0.614372 0.784384 -0.0581961 0.0624618
1246 4.85702 -0.135977 0.992108 -0.625519 0.77461 -0.0620476 0.0696809
1249 4.89332 -0.137474 0.988805 -0.623887 0.775501 -0.065051 0.0716314
1252 4.93138 -0.153528 0.98743 -0.639656 0.762619 -0.0667451 0.0692631
1256 4.96427 0.0786236 0.982234 -0.647605 0.756553 -0.0624799 0.0658113
1257 4.96969 0.0404116 1.07078 -0.664792 0.741351 -0.0493394 0.0775593
1258 4.96323 0.137506 0.983046 -0.668655 0.736795 -0.0610887 0.079385
1262 5.08615 0.244167 1.03038 -0.673332 0.730269 -0.0647653 0.0955873
1263 5.13455 0.293102 1.03817 -0.677911 0.729013 -0.0555372 0.0767624
1264 5.13201 0.308143 1.03575 -0.681303 0.725339 -0.0583565 0.0793975
1266 5.10033 0.342887 1.04742 -0.677832 0.729615 -0.040585 0.0809865
1267 5.10019 0.381311 1.05202 -0.676475 0.731191 -0.037916 0.0793948
1268 5.08141 0.402071 1.06434 -0.678313 0.729212 -0.0340307 0.0835689
1280 5.15089 0.370316 1.02773 -0.68805 0.714584 -0.0674254 0.106823
1281 5.20506 0.43206 1.03782 -0.688464 0.718736 -0.0563906 0.079094
1286 5.20214 0.544467 1.06013 -0.698682 0.70634 -0.0514259 0.101408
1289 5.22121 0.65193 1.05355 -0.697558 0.707882 -0.0306624 0.106651
1291 5.25359 0.724343 1.07803 0.710291 -0.695928 0.0262946 -0.102373
1294 5.21138 0.793649 1.09658 0.715508 -0.690361 0.0281424 -0.103237
1297 5.22749 0.794519 1.07703 0.716976 -0.688854 0.0272921 -0.103344
1299 5.23449 0.817308 1.09891 0.720564 -0.685557 0.025783 -0.10067
1300 5.24264 0.835389 1.1115 0.71957 -0.686971 0.0201863 -0.0994063
1303 5.26475 0.888046 1.05402 0.719047 -0.689221 0.0321064 -0.083156
1305 5.27594 0.896843 1.12097 0.714514 -0.69329 0.0130884 -0.0929893
1310 5.30653 0.814967 1.10793 -0.701473 0.706153 -0.0171881 0.0948046
1312 5.29248 0.752617 1.09732 -0.690749 0.716451 -0.0195393 0.0958268
1313 5.27239 0.72181 1.09731 -0.684931 0.721665 -0.0183683 0.0986459
1315 5.24447 0.668752 1.05412 -0.680037 0.726583 -0.0342868 0.0919252
1316 5.25793 0.622003 1.00385 -0.67381 0.729319 -0.030014 0.114773
1319 5.29262 0.501918 1.07196 -0.666539 0.738902 -0.0172698 0.0972217
1321 5.32799 0.51124 1.00927 -0.652687 0.75096 -0.0285842 0.0961326
1324 5.38595 0.532827 1.02021 -0.633433 0.768623 -0.019916 0.0870908
1326 5.40416 0.534335 1.09542 -0.592853 0.79956 -0.0236127 0.0931178
1328 5.44998 0.514395 1.08201 -0.559346 0.823091 -0.0234588 0.0954135
1331 5.47887 0.519102 1.0527 -0.448903 0.889676 -0.0304321 0.0776978
1335 5.56497 0.424561 1.08267 -0.315916 0.945875 -0.00299306 0.074223
1336 5.46973 0.403323 1.05945 -0.314154 0.946009 -0.00455002 0.0797052
1337 5.4607 0.363149 1.0744 -0.306775 0.948227 -0.00201106 0.0821599
1339 5.54911 0.252733 0.978928 -0.325034 0.94412 -0.0257615 0.048232
1341 5.45038 0.215964 1.03444 -0.309532 0.947614 -0.0190949 0.0765026
1344 5.44936 0.180662 1.03397 -0.309604 0.948151 -0.0141407 0.0703954
1345 5.56136 0.164795 0.969198 -0.326489 0.9449 -0.0182256 0.0153753
1354 5.44011 0.148591 1.03454 -0.244136 0.966393 -0.0276906 0.0755971
1356 5.59787 0.0817519 0.965281 -0.245138 0.969284 0.0127713 -0.0152754
1357 5.40321 0.114864 1.02576 -0.240212 0.968086 -0.0153768 0.069797
1358 5.3582 0.102884 1.02935 -0.247759 0.966233 -0.0123523 0.0696963
1359 5.37665 0.0952094 1.00704 -0.242841 0.968034 -0.0166197 0.0605099
1367 5.36904 -0.0553511 0.976311 -0.613772 0.78606 -0.0519174 0.0519367
1371 5.53093 -0.155164 1.08564 0.77451 -0.627294 0.0627977 -0.0518921
1372 5.53761 -0.136545 1.0285 0.784966 -0.615587 0.0507446 -0.0480134
1373 5.52537 -0.135687 1.01676 0.799957 -0.596195 0.0517501 -0.0440693
1377 5.44512 -0.172668 1.01127 0.800692 -0.594796 0.0591468 -0.0401366
1378 5.40999 -0.206106 1.02485 0.795836 -0.601192 0.0524203 -0.0496392
1379 5.3801 -0.221378 1.03735 0.79582 -0.601731 0.0422255 -0.052982
1380 5.31324 -0.226154 1.03914 0.784433 -0.614841 0.0453963 -0.0676317
1381 5.29413 -0.193778 1.00046 0.768572 -0.636134 0.0492407 -0.0469723
1385 5.26147 -0.225957 1.00991 0.773786 -0.63061 0.0353897 -0.0483085
1386 5.27752 -0.207875 1.02413 0.769632 -0.637565 0.0247652 -0.0237447
1387 5.16525 -0.1968 0.968627 0.749951 -0.657338 0.054137 -0.0504895
1389 5.17936 -0.173132 0.972879 0.719897 -0.691343 0.0439425 -0.0431469
1391 5.25919 -0.17848 1.00555 -0.670884 0.740201 0.00074982 0.0449053
1392 5.17747 -0.13535 0.96092 -0.647368 0.759975 -0.0438594 0.0378051
1393 5.16408 -0.161246 0.958533 -0.62959 0.775004 -0.0419998 0.0349485
1394 5.15549 -0.214026 0.991766 -0.628475 0.774731 -0.0451022 0.052696
1395 5.11965 -0.261653 0.98385 -0.627534 0.775339 -0.0432974 0.0563602
1396 5.12949 -0.29115 1.00598 -0.634673 0.771089 -0.0401592 0.0316248
1399 5.20839 -0.293455 0.949373 -0.639402 0.767315 -0.039669 0.0286307
1400 5.23469 -0.29384 0.950479 -0.642092 0.765434 -0.034431 0.0253687
1404 5.2519 -0.261479 1.00275 -0.60672 0.793501 -0.0244321 0.0406259
1405 5.21665 -0.210788 0.945741 -0.583998 0.80992 -0.0463646 0.028745
1407 5.26044 -0.191152 0.953782 -0.559054 0.827805 -0.0395166 0.025209
1410 5.31286 -0.101928 0.949511 -0.4462 0.893136 -0.0427692 0.0372143
1419 5.66666 0.148021 1.0096 -0.178723 0.981883 -0.014875 0.0611727
1420 5.69004 0.146126 1.01007 -0.171334 0.983174 -0.0154805 0.061438
1425 5.68116 0.164123 0.998297 -0.165161 0.984606 -0.0160991 0.0548969
1427 5.74647 0.1855 1.01853 -0.160942 0.98497 -0.0128355 0.0613808
1429 5.79798 0.22387 1.02822 -0.160907 0.984648 -0.012343 0.0665158
1431 5.84768 0.257076 1.02326 -0.162828 0.984284 -0.0122713 0.0672395
1432 5.8554 0.265835 1.02895 -0.166562 0.983815 -0.00815802 0.0655561
1435 5.88474 0.281676 1.0386 -0.153149 0.985816 -0.00436893 0.0684998
1437 5.92283 0.279902 1.00643 -0.0923423 0.993145 -0.0136543 0.0703476
1438 5.92717 0.313581 1.0268 -0.0600008 0.995611 0.000258622 0.0718192
1449 5.93123 0.30116 1.03338 -0.0400188 0.996671 0.0107525 0.0702103
1467 5.7126 0.322284 1.04633 -0.211081 0.97525 -0.030674 0.0582439
1468 5.66478 0.22994 1.00841 -0.238804 0.969034 -0.0123984 0.0615861
1472 5.55913 0.148291 0.976331 -0.326107 0.944057 -0.0201079 0.0448001
1473 5.53765 0.137368 1.00077 -0.350937 0.934797 -0.0163265 0.0522583
1475 5.51249 0.107572 0.985897 -0.397668 0.915602 -0.0234529 0.0546234
1482 5.61902 0.043225 0.980664 -0.545149 0.836461 -0.0356961 0.0432487
1485 5.68514 0.0731876 0.99932 -0.560282 0.826424 -0.0330335 0.0449073
1486 5.72084 0.0714546 1.02352 -0.575973 0.815623 -0.0282056 0.0471094
1491 5.82092 0.109904 0.987705 -0.623415 0.777472 -0.0432345 0.0708705
1495 5.77756 0.154595 1.08319 -0.635113 0.769949 -0.0212757 0.0579427
1498 5.66606 0.287975 1.05166 -0.621288 0.779557 -0.010231 0.0786595
1500 5.60957 0.36605 1.04539 -0.610578 0.787255 -0.00872573 0.0857182
1503 5.6374 0.442289 1.059 -0.609537 0.788861 -0.0102005 0.0778339
1504 5.61606 0.483237 1.01573 -0.607884 0.789647 -0.0171756 0.0814782
1514 5.49386 0.232535 1.04045 -0.696605 0.711728 -0.0416214 0.0803273
1515 5.49842 0.247775 0.99713 0.715527 -0.697054 0.0272883 -0.0373031
1517 5.47994 0.196538 1.05397 0.740348 -0.669203 0.0291075 -0.0566117
1520 5.50568 0.114665 1.04084 0.731314 -0.677941 0.0297022 -0.0685081
1521 5.51542 0.0652781 1.02508 0.729062 -0.679669 0.0295689 -0.0751302
1523 5.57008 -0.000514751 0.984572 0.719114 -0.693556 0.0356454 -0.0241977
1524 5.59749 -0.0458251 1.00677 0.713771 -0.69883 0.0313988 -0.0343709
1527 5.68069 -0.0362772 0.986175 0.70989 -0.700549 0.0482376 -0.0544117
1533 5.80544 0.194604 1.05741 -0.701381 0.708616 -0.0406788 0.0653733
1543 5.64264 0.306749 1.08585 -0.545142 0.832941 -0.0220735 0.0924269
1558 5.73461 0.268302 0.989822 -0.328572 0.942661 -0.0180144 0.0557274
1559 5.76024 0.291652 1.00765 -0.3313 0.940091 -0.0247665 0.0765256
1561 5.72842 0.363563 1.06855 -0.339367 0.93841 -0.0136444 0.0634824
1563 5.79861 0.373901 1.01982 -0.326418 0.941458 -0.0208272 0.0816974
1564 5.80814 0.396407 1.01865 -0.320302 0.943801 -0.0192328 0.07922
1565 5.81194 0.452146 1.00474 -0.316132 0.945901 -0.00988285 0.0723453
1569 5.87584 0.468557 1.01212 -0.239385 0.968127 -0.0144728 0.0722225
1580 5.84443 0.177324 1.02575 -0.662129 0.74664 -0.0317047 0.0557544
1590 5.98586 0.215429 1.04938 0.708408 -0.702071 0.0382957 -0.0615511
1591 5.99478 0.20952 1.0431 0.708093 -0.70261 0.0393862 -0.0582442
1602 6.07505 -0.0842992 1.05866 0.714976 -0.695707 0.0480279 -0.0499448
1604 6.09862 -0.0956172 1.06034 0.713672 -0.696629 0.052294 -0.0514333
1616 6.17143 -0.0775251 1.05788 0.713023 -0.697803 0.0503297 -0.0462255
1617 6.19196 -0.0738533 1.0475 0.712304 -0.698099 0.0559686 -0.0463387
1622 6.30277 0.192943 1.04503 0.714535 -0.695766 0.0490278 -0.0542788
1625 6.37998 0.379642 1.04266 0.717007 -0.692601 0.0497921 -0.0610377
1628 6.31293 0.404601 1.01141 0.72461 -0.684183 0.0485788 -0.0668901
1629 6.266 0.46775 1.07716 0.725868 -0.68234 0.0463936 -0.0733126
1631 6.33039 0.427149 1.01312 0.728553 -0.679501 0.0470142 -0.0726517
1637 6.35814 0.492716 1.07558 0.722746 -0.684919 0.0518448 -0.0763886
1638 6.36075 0.491677 1.08353 0.725001 -0.682607 0.0465117 -0.0791
1643 6.30568 0.662793 1.10036 0.72655 -0.681022 0.0363723 -0.0837365
1646 6.433 0.722055 1.13704 0.727359 -0.683028 0.0190625 -0.0636968
1650 6.48582 0.789435 1.1664 0.730238 -0.67997 0.0199664 -0.0632057
1652 6.43978 0.848673 1.12773 0.735458 -0.671556 0.0294761 -0.085123
1655 6.37239 0.918834 1.15178 0.730243 -0.678345 0.0164436 -0.0795201
1658 6.42227 0.929374 1.15298 0.728939 -0.680656 0.0159928 -0.0714113
1660 6.42578 0.929707 1.16299 0.728123 -0.681875 0.0193446 -0.0671499
1672 6.55867 0.795467 1.13749 0.725932 -0.683823 0.0156423 -0.0718567
1674 6.56547 0.78467 1.15163 0.710188 -0.700641 0.020594 -0.0656534
1675 6.55261 0.782764 1.14206 -0.701635 0.708967 -0.0191996 0.0685943
1676 6.55398 0.775901 1.14111 -0.694109 0.716232 -0.0146005 0.0707956
1677 6.53681 0.802003 1.13585 -0.669183 0.740199 -0.00881292 0.0649746
1679 6.52745 0.865296 1.12903 -0.605173 0.793217 0.00155894 0.0676001
1680 6.54872 0.839353 1.15119 -0.593215 0.800389 0.0132091 0.0854342
1682 6.63053 0.891589 1.11293 -0.581636 0.810052 -0.0085714 0.0737634
1684 6.64856 0.876256 1.15129 -0.600775 0.795897 -0.01013 0.0742648
1686 6.73574 0.792486 1.12823 -0.657491 0.749507 -0.0109285 0.0763287
1687 6.78315 0.802555 1.13613 -0.663001 0.744988 -0.0124508 0.0725841
1688 6.82708 0.788292 1.16919 -0.672079 0.737027 -0.0121735 0.0703747
1689 6.84025 0.777986 1.1589 -0.677514 0.731408 -0.0150559 0.0760987
1691 6.83306 0.777845 1.15941 -0.677445 0.731955 -0.0122698 0.0718342
1693 6.82038 0.757249 1.15861 -0.686669 0.7238 -0.0214885 0.0643159
1700 6.81472 0.780175 1.15896 -0.687483 0.723036 -0.0170371 0.0655423
1703 6.86779 0.753499 1.1734 -0.687228 0.723248 -0.0124666 0.0668903
1704 6.85517 0.754404 1.16735 -0.69056 0.719864 -0.0151488 0.0685089
1705 6.88041 0.752627 1.1521 -0.702577 0.708401 -0.0206059 0.0642648
1708 6.89435 0.737282 1.15696 -0.705002 0.706074 -0.0109537 0.0656551
1711 6.91287 0.751191 1.13551 0.705771 -0.704679 0.0118195 -0.0719379
1712 6.9251 0.758873 1.13374 0.714184 -0.69654 0.016411 -0.0671013
1714 6.93431 0.720011 1.15196 -0.704977 0.705306 -0.00738881 0.0741323
1720 6.86782 0.77785 1.14605 0.712767 -0.698757 0.0157711 -0.0587697
1721 6.90382 0.79113 1.13089 -0.704206 0.706292 -0.0108032 0.0716156
1723 6.96298 0.898651 1.11904 0.721693 -0.688475 0.00326266 -0.0717623
1724 6.98886 0.886969 1.1381 0.708882 -0.701815 0.0107679 -0.0694702
1726 7.00425 0.906578 1.13778 0.716995 -0.692573 0.0122562 -0.0781651
1727 7.03577 0.935574 1.17168 0.719528 -0.688221 0.00726684 -0.0926278
1728 7.02854 0.996298 1.14934 0.718074 -0.690418 0.0179698 -0.0858462
1729 7.05278 0.998803 1.16069 0.722806 -0.685863 0.0153833 -0.0831082
1731 7.07152 0.996501 1.16734 0.729586 -0.678717 0.0197396 -0.0815969
1734 7.07909 0.948974 1.16249 0.719244 -0.690608 0.00627639 -0.0755609
1738 7.10512 0.882828 1.14249 0.71887 -0.69102 0.00985378 -0.074967
1741 7.10525 0.902323 1.14679 0.724564 -0.684589 0.0108321 -0.0789179
1747 7.07821 0.918372 1.15556 0.715514 -0.694255 0.018867 -0.0754552
1752 7.16239 0.866606 1.1294 0.717144 -0.693383 0.0119241 -0.0691559
1753 7.15065 0.848119 1.12654 0.721148 -0.688664 0.0133526 -0.074219
1754 7.1615 0.869316 1.15208 0.72478 -0.684745 0.0113954 -0.0754253
1756 7.16712 0.8584 1.16762 0.721337 -0.688701 0.0184631 -0.0708667
1757 7.17464 0.846878 1.14032 0.72616 -0.683514 0.0137482 -0.0728785
1765 7.21069 0.953801 1.16296 0.727661 -0.683266 0.0111668 -0.0594345
1766 7.21141 0.982386 1.16195 0.729103 -0.681564 0.0117207 -0.061168
1769 7.19436 1.07267 1.2173 0.728659 -0.680393 0.00439328 -0.0781122
1780 7.32457 0.528653 1.12389 0.724963 -0.685474 0.0288653 -0.0609991
1784 7.36161 0.425133 1.13485 0.716106 -0.694538 0.0507063 -0.0473103
1802 7.40919 0.318218 1.13238 0.723134 -0.687865 0.0441094 -0.0444214
1803 7.3936 0.284407 1.11816 0.717758 -0.692749 0.0490031 -0.0502176
1804 7.38129 0.168577 1.12313 0.735212 -0.67562 0.0298897 -0.0459121
1805 7.40991 0.128138 1.12444 0.728868 -0.682609 0.0299808 -0.0435523
1806 7.46965 0.167436 1.20537 0.711512 -0.702396 0.0188877 0.00581124
1808 7.41999 -0.00846959 1.20219 0.723417 -0.688373 0.0403542 -0.0343695
1809 7.4998 0.0245577 1.21868 0.716011 -0.69804 0.00611981 0.00553668
1811 7.45142 -0.0796656 1.21045 0.725327 -0.686114 0.048779 -0.0277335
1813 7.45379 -0.0753286 1.20597 0.718159 -0.693681 0.0477975 -0.0277466
1815 7.47963 -0.0598333 1.21117 0.72491 -0.68678 0.0461594 -0.0266122
1821 7.50401 0.0275464 1.21274 0.718171 -0.695162 0.0220552 -0.0222433
1822 7.85164 -0.0202348 1.18379 0.711463 -0.683132 -0.12052 0.112369
1823 7.55063 -0.0472217 1.19728 0.712911 -0.699461 0.0407347 -0.029226
1825 7.59897 -0.0583288 1.1965 0.711861 -0.699916 0.0480799 -0.0325572
1826 7.6077 -0.0617011 1.18299 0.709237 -0.702712 0.0443649 -0.0347885
1830 7.65881 -0.0304117 1.1859 0.717085 -0.695274 0.0377121 -0.0309994
1834 7.64817 -0.0337667 1.12864 0.725644 -0.685009 0.0400024 -0.0510168
1838 7.67883 -0.0171523 1.13285 0.722087 -0.689092 0.0354236 -0.0498723
1843 7.78335 -0.00738053 1.13909 0.718368 -0.693297 0.0359785 -0.0446278
1844 7.83794 -0.000248892 1.15823 0.714719 -0.697716 0.0244872 -0.0420609
1847 7.83263 0.0484035 1.1649 0.715701 -0.696804 0.0309692 -0.0357222
1849 7.83912 0.0745393 1.16505 0.719479 -0.693267 0.0271549 -0.0315228
1852 7.85584 0.151189 1.16165 0.712529 -0.700514 0.0260704 -0.0300512
1853 7.86267 0.139215 1.16181 0.71681 -0.695419 0.0251466 -0.044086
1855 7.85881 0.13709 1.17093 0.719633 -0.692968 0.0249231 -0.0360997
1862 7.82169 0.144522 1.14388 0.710761 -0.701949 0.0247316 -0.0384099
1863 7.80698 0.12166 1.14862 0.710352 -0.702605 0.0203432 -0.0365043
1864 7.83632 0.113964 1.13624 -0.706317 0.706904 -0.0189923 0.0322774
1868 7.85187 0.0661826 1.14325 -0.699519 0.713273 -0.0254196 0.0356258
1869 7.85374 0.0449104 1.14958 -0.695845 0.716858 -0.0203701 0.0387282
1870 7.8249 0.041114 1.14158 -0.683041 0.728955 -0.027073 0.0367008
1871 7.79229 0.00219298 1.14284 -0.68375 0.72796 -0.025755 0.0435587
1872 7.7791 -0.0334341 1.14005 -0.676272 0.735065 -0.0239316 0.0419848
1873 7.75028 -0.0645818 1.09331 -0.679698 0.73133 -0.041453 0.0380594
1874 7.78363 -0.0482326 1.15069 -0.670455 0.740945 -0.0297423 0.024603
1877 7.85055 -0.0510994 1.1378 -0.68227 0.729399 -0.0243048 0.0435091
1879 7.92938 0.00351503 1.12751 -0.682868 0.729032 -0.0296395 0.0364049
1882 8.01968 0.0629649 1.14246 -0.689753 0.722407 -0.0291278 0.0389963
1887 7.99177 0.074614 1.17972 -0.684706 0.724568 -0.0314567 0.0720305
1888 8.08125 0.143325 1.14574 -0.698582 0.714259 -0.0270977 0.0329144
1889 8.08217 0.12084 1.19603 -0.686637 0.722028 -0.0295344 0.0795851
1890 8.06914 0.151522 1.20558 -0.692861 0.71634 -0.0439922 0.0697426
1891 8.0916 0.150518 1.20998 -0.694497 0.714751 -0.0408184 0.0716796
1892 8.20558 0.184158 1.15515 -0.705028 0.707969 -0.023332 0.0342253
1893 8.17575 0.184321 1.16833 -0.704997 0.705138 -0.0386625 0.0653035
1898 8.25071 0.190127 1.14543 0.717354 -0.695095 0.0312314 -0.0356374
1899 8.23764 0.199404 1.18373 0.71306 -0.697109 0.0395393 -0.0634163
1913 8.18943 0.0760791 1.17088 0.710956 -0.699485 0.0368851 -0.0624672
1914 8.12451 -0.0279034 1.20945 0.710152 -0.699568 0.0394668 -0.0687856
1916 8.1389 -0.0971343 1.2303 0.705473 -0.704493 0.0449537 -0.063058
1917 8.26374 -0.0728622 1.17724 0.718707 -0.692012 0.0305087 -0.0603994
1920 8.25468 -0.0778173 1.14836 0.713911 -0.697704 0.0464933 -0.0371147
1927 8.17452 -0.209092 1.2573 0.708958 -0.702473 0.037963 -0.0496824
1946 8.24032 -0.187447 1.24973 0.708515 -0.701381 0.049751 -0.0599597
1948 8.31266 -0.240853 1.27006 0.710107 -0.700087 0.0508759 -0.0551133
1949 8.30241 -0.26603 1.28513 0.70849 -0.701712 0.0546416 -0.0515389
1952 8.28876 -0.285843 1.29058 0.706634 -0.703876 0.0556091 -0.0462049
1958 8.46616 -0.136871 1.2172 0.720166 -0.690696 0.0404232 -0.0516367
1959 8.49593 -0.119223 1.17608 0.711737 -0.700014 0.0456011 -0.0365007
1962 8.44743 -0.174264 1.30113 0.70999 -0.70038 0.0532932 -0.050416
1963 8.53567 -0.0784779 1.16054 0.7189 -0.692138 0.0513218 -0.03865
1969 8.53434 -0.23632 1.28661 0.715236 -0.695648 0.0438311 -0.0508916
1970 8.53897 -0.252717 1.29214 0.711115 -0.699017 0.0546069 -0.0520475
1971 8.58423 -0.266332 1.2863 0.717511 -0.69346 0.0451301 -0.0474846
1987 8.65923 -0.253025 1.26476 0.716777 -0.694074 0.04354 -0.0509454
1993 8.67537 -0.224258 1.25589 0.712259 -0.698231 0.04474 -0.0562164
1996 8.70675 -0.206985 1.19144 0.712971 -0.697472 0.0507591 -0.0512802
2000 8.66352 -0.2216 1.1612 -0.699057 0.711986 -0.0538376 0.0386906
2001 8.65168 -0.223873 1.14994 -0.695034 0.715554 -0.059435 0.0371251
2003 8.60898 -0.309688 1.26926 -0.68863 0.721607 -0.0551638 0.0450506
2008 8.75149 -0.306549 1.2837 -0.69265 0.718684 -0.0470162 0.0389768
2009 8.76235 -0.28994 1.2742 -0.691077 0.720416 -0.0429621 0.0395889
2012 8.75324 -0.2026 1.15078 -0.677297 0.73291 -0.0505329 0.0394719
2018 8.83571 -0.297428 1.18252 -0.664919 0.744281 -0.0466689 0.0418439
2019 8.84681 -0.317823 1.1779 -0.665702 0.743449 -0.0498752 0.0404553
2020 8.84316 -0.311291 1.14167 -0.672145 0.737087 -0.065129 0.0261052
2027 8.90049 -0.296725 1.17379 -0.660502 0.748076 -0.0494084 0.0409751
2029 8.98814 -0.294986 1.16023 -0.680839 0.731979 0.0115299 -0.0230553
2035 9.04414 -0.317683 1.13226 -0.679151 0.732065 0.0496793 -0.0191581
2039 8.97994 -0.294549 1.19035 -0.665203 0.743786 -0.0450764 0.0474935
2042 8.98484 -0.281816 1.16929 -0.658383 0.750419 -0.0458442 0.0360695
2047 8.94075 -0.224034 1.14728 -0.658932 0.750367 -0.0416866 0.0319416
2049 8.93426 -0.187187 1.16002 -0.653784 0.755078 -0.0363112 0.0332582
2052 8.96632 -0.170964 1.14141 -0.651233 0.757805 -0.0309009 0.0259255
2061 9.06615 -0.186862 1.14465 -0.648716 0.760353 -0.0248676 0.0203265
2062 9.08884 -0.188175 1.13929 -0.647667 0.761337 -0.0257393 0.0152232
2069 9.14404 -0.315171 1.14441 -0.660741 0.741118 0.118583 -0.0101484
2073 8.90464 -0.182232 1.13385 -0.641237 0.7664 -0.029494 0.0239995
2074 8.89345 -0.197412 1.12434 -0.639647 0.767757 -0.0307482 0.0213135
2076 8.88353 -0.217091 1.11184 -0.646206 0.761693 -0.0432779 0.0191701
2078 8.91848 -0.252937 1.10833 -0.640819 0.76632 -0.0420686 0.018298
2084 8.85139 -0.196884 1.1149 -0.630658 0.775166 -0.0318282 0.0193462
2085 8.83734 -0.176881 1.10262 -0.631064 0.774686 -0.0360852 0.0178191
2086 8.82341 -0.148281 1.09422 -0.634255 0.771938 -0.0397536 0.0158971
2088 8.79236 -0.111753 1.11891 -0.631752 0.774474 -0.0269029 0.0188754
2089 8.72049 -0.140683 1.20563 -0.628446 0.77603 -0.0271959 0.0457506
2090 8.71217 -0.0480963 1.12702 -0.623747 0.779629 -0.0173056 0.0530939
2091 8.65277 -0.0442388 1.17202 -0.616353 0.786757 -0.0240579 0.0233143
2092 8.70053 -0.0280114 1.14239 -0.613353 0.78913 -0.0126234 0.030224
2093 8.70797 0.0152674 1.1509 -0.612185 0.79029 -0.0122656 0.022816
2094 8.71485 0.0371643 1.14634 -0.613416 0.789176 -0.0102142 0.0285927
2096 8.72704 0.0716348 1.13648 -0.615535 0.787346 -0.0109849 0.0328971
2097 8.722 0.0792934 1.14327 -0.622979 0.781236 -0.00868773 0.0386221
2099 8.72676 0.0819311 1.14119 -0.634583 0.771844 -0.00825019 0.0386426
2101 8.72981 0.0726534 1.13029 -0.640661 0.766876 -0.0105283 0.0366564
2102 8.7649 0.0777271 1.12829 -0.649739 0.759944 -0.00620001 0.0168929
2103 8.69361 0.0397035 1.1902 -0.674913 0.737709 -0.00423273 0.0161432
2104 8.69104 -0.00647841 1.17599 0.711258 -0.702417 0.0167894 -0.0210181
2105 8.73391 -0.106998 1.19145 0.726011 -0.685326 0.0214644 -0.0526821
2106 8.78866 -0.0543856 1.14299 0.72163 -0.691684 0.0149104 -0.0245076
2107 8.79034 -0.0990871 1.13287 0.731861 -0.680757 0.0169619 -0.0257281
2113 8.85737 -0.0854905 1.14002 0.723346 -0.689658 0.0198518 -0.0273473
2114 8.8395 -0.135971 1.19963 0.74112 -0.669185 0.0264668 -0.0472519
2115 8.83664 -0.0553437 1.1403 0.738964 -0.67109 0.0230697 -0.0551212
2117 8.87795 -0.058291 1.1852 0.751059 -0.658063 0.00469906 -0.0532933
2120 8.86656 0.200811 1.14938 0.74551 -0.664476 -0.00209938 -0.0517885
2121 8.8569 0.206471 1.21363 0.741303 -0.66912 -0.00322253 -0.0523275
2126 8.81517 0.480846 1.17175 0.741455 -0.668156 -0.0438829 -0.0434329
2128 8.7082 0.54082 1.11853 0.736088 -0.674293 0.0050827 -0.058973
2130 8.76199 0.570928 1.17262 0.73423 -0.675131 -0.0336278 -0.0630432
2137 8.64445 0.517231 1.08953 0.737312 -0.673533 0.00682486 -0.0517532
2140 8.62562 0.607549 1.17491 0.734849 -0.675584 -0.00142357 -0.0598441
2144 8.5898 0.612005 1.12061 0.735579 -0.675204 -0.00518159 -0.0547325
2147 8.60289 0.704783 1.18725 0.730307 -0.681052 -0.00980157 -0.0521814
2149 8.5881 0.672381 1.10931 0.734192 -0.676954 -0.0038375 -0.0517694
2156 8.72865 0.867069 1.26679 0.73772 -0.669956 -0.00233548 -0.0832011
2157 8.68056 0.934786 1.25675 0.741886 -0.664181 0.0221927 -0.0893103
2160 8.61531 0.943092 1.31512 0.733767 -0.675594 0.0051833 -0.0716354
2161 8.60449 0.951635 1.27899 0.735776 -0.671959 -0.00152949 -0.0842772
2164 8.63343 0.988053 1.27025 0.737488 -0.670376 -0.0135552 -0.0807698
2174 8.68895 1.00808 1.29765 0.736101 -0.671283 0.000749903 -0.086803
2175 8.70127 1.02719 1.28526 0.735086 -0.671646 -0.00192874 -0.0923875
2178 8.7518 1.02647 1.27922 0.737693 -0.668848 -0.000751158 -0.0919269
2179 8.76311 1.00819 1.30132 0.74075 -0.666422 0.00260373 -0.0846402
2180 8.76564 0.998832 1.28064 0.738759 -0.66817 -0.00326377 -0.0881618
2186 8.79606 0.975754 1.28628 0.742612 -0.664077 -0.00076163 -0.0867664
2188 8.85018 0.966448 1.27433 0.739632 -0.666261 0.00138346 -0.0950766
2189 8.87466 0.960979 1.27799 0.741256 -0.664753 0.00273677 -0.0929207
2190 8.89317 0.943031 1.28298 0.743758 -0.662069 0.00345559 -0.0920709
2192 8.90872 0.928241 1.25998 0.742335 -0.663199 -0.00194505 -0.0954035
2196 8.9253 0.884329 1.27456 0.739702 -0.666396 0.00965366 -0.0930806
2198 8.94183 0.872796 1.26529 0.740569 -0.664578 0.0115434 -0.0987948
2205 9.00427 1.03325 1.31479 0.754299 -0.649749 0.00313766 -0.0940679
2206 8.96726 1.05711 1.30253 0.748528 -0.655718 0.00130505 -0.0986846
2208 8.94017 1.07908 1.30354 0.748991 -0.655398 -0.00178994 -0.0972815
2210 8.92469 1.08987 1.30924 0.750433 -0.653416 0.0049694 -0.0993667
2213 8.9296 1.10004 1.29893 0.74844 -0.655418 -0.000263569 -0.101313
2224 8.91343 1.07716 1.32027 0.7399 -0.66556 0.00550375 -0.0977107
2226 8.87216 1.07763 1.295 0.74495 -0.659571 0.000282566 -0.100078
2229 8.87154 1.00136 1.3014 0.781592 -0.617502 0.0119117 -0.0875422
2236 8.94965 1.1838 1.29135 0.787253 -0.6077 0.00683735 -0.104339
2245 8.97859 1.08597 1.29462 0.792421 -0.601799 0.0146957 -0.0984409
2247 8.96427 1.01422 1.28421 0.791654 -0.602611 0.0187479 -0.0989582
2249 8.99657 0.992986 1.28595 0.795163 -0.600341 0.0158431 -0.083994
2254 8.95279 1.00665 1.29476 0.794169 -0.600877 0.0194859 -0.0886719
2259 8.89721 0.969036 1.28036 0.800985 -0.592378 0.0159877 -0.0851785
2261 8.88742 0.951657 1.26968 0.801302 -0.591663 0.0146274 -0.0873862
2267 8.86165 0.903758 1.28817 0.799775 -0.594702 0.0221443 -0.0787391
2269 8.86274 0.89085 1.26901 0.809799 -0.581144 0.0154721 -0.0791025
2278 8.65935 0.760024 1.26848 0.825405 -0.559894 0.0259679 -0.0674586
2282 8.87419 0.821893 1.26919 0.845085 -0.527784 0.02916 -0.080161
2290 8.89293 0.895042 1.21531 0.833921 -0.543676 0.0153779 -0.0935756
2292 8.8738 0.852962 1.25636 0.830076 -0.550639 0.0282186 -0.0835139
2293 8.88789 0.869109 1.25888 0.820065 -0.566145 0.0239379 -0.0800037
2299 8.86323 0.824856 1.23829 0.828144 -0.555158 0.0162553 -0.0755834
2306 8.89259 0.931393 1.28901 0.840962 -0.534999 0.0276301 -0.0761268
2307 8.87648 0.951991 1.29098 0.840938 -0.535058 0.0277397 -0.0759438
2309 8.85857 0.990258 1.2627 0.84013 -0.536115 0.00997205 -0.0816242
2310 8.81989 0.993273 1.29553 0.840506 -0.53604 0.0275782 -0.0738277
2312 8.82458 1.01592 1.264 0.839925 -0.536568 0.00527928 -0.0811946
2323 8.91228 0.992491 1.27894 0.84635 -0.524834 0.0295413 -0.0858341
2324 8.91834 0.984754 1.29833 0.849492 -0.520336 0.0328625 -0.0808278
2325 8.95709 0.982745 1.3116 0.856643 -0.511014 0.0234143 -0.0669288
2330 8.9041 0.964686 1.2834 0.82964 -0.552252 -0.00125419 -0.0819393
2333 8.85382 1.0556 1.2519 0.768261 -0.634879 -0.00112082 -0.0818736
2335 8.78577 1.08706 1.24484 0.733453 -0.673997 -0.00531381 -0.0880071
2344 8.78267 1.11095 1.25633 0.721575 -0.687047 0.000182056 -0.0854136
2350 8.84314 1.09267 1.26631 0.715433 -0.691858 0.00110587 -0.0974038
2351 8.85978 1.11379 1.26436 0.709669 -0.698536 0.00215733 -0.091722
2354 8.88855 1.12861 1.23553 -0.695885 0.710843 0.0167679 0.100822
2355 8.89831 1.16925 1.25972 -0.679107 0.72918 -0.00677328 0.0840464
2358 9.00741 1.15189 1.27974 -0.648519 0.756339 0.0058024 0.0856706
2359 8.98832 1.14475 1.29272 -0.624763 0.774277 -0.00490902 0.100709
2364 8.92615 1.1446 1.27253 -0.621525 0.776728 0.00170922 0.101966
2366 8.93472 1.16091 1.27599 -0.635404 0.766919 0.00559235 0.0898136
2374 8.92155 1.10279 1.27036 -0.639942 0.763517 0.0116514 0.0859042
2375 8.88142 1.10462 1.24794 -0.631332 0.769242 0.00532138 0.0982757
2377 8.89107 1.10562 1.2577 -0.644676 0.759665 0.00314582 0.0853978
2383 8.86873 1.14801 1.25058 -0.641756 0.760253 0.00800126 0.100505
2391 8.8364 1.19764 1.25836 -0.660807 0.745721 0.00228352 0.0850224
2392 8.83793 1.19974 1.27898 -0.660843 0.744129 0.0197013 0.0957616
2404 8.83261 1.19108 1.26698 -0.684621 0.723351 0.00625633 0.0895423
2408 8.86672 1.23094 1.26236 -0.680309 0.728458 0.00907571 0.0802869
2415 8.87111 1.10516 1.24632 -0.691861 0.715591 -0.000878266 0.0962159
2419 8.9036 1.06733 1.23657 0.724767 -0.683292 -0.00111196 -0.0884541
2421 8.96322 1.10253 1.27987 0.718757 -0.689488 -0.00740008 -0.0891068
2422 9.01225 1.11859 1.27851 0.73227 -0.675823 -0.00749603 -0.0835916
2424 9.07586 1.10467 1.28942 0.740149 -0.66555 0.0133419 -0.0951032
2426 9.0407 1.11697 1.30057 0.726297 -0.681142 0.0143401 -0.0912824
2429 9.04837 1.14739 1.28743 0.710406 -0.699073 -0.0152763 -0.0799191
2430 9.06527 1.15588 1.28104 0.706462 -0.703732 -0.0197545 -0.072674
2431 9.06244 1.15226 1.28064 0.705192 -0.704834 -0.013632 -0.075674
2442 8.99459 1.22808 1.28971 0.722168 -0.685429 0.0112271 -0.0923852
2444 8.97197 1.24903 1.29729 0.722847 -0.685005 0.0136204 -0.0898644
2447 8.9671 1.21624 1.27961 0.726662 -0.682864 -0.0110842 -0.0744017
2449 8.91456 1.20238 1.26076 0.730259 -0.677296 0.0042359 -0.0893022
2450 8.91509 1.19534 1.27601 0.734223 -0.674036 0.00635371 -0.0809427
2453 8.92088 1.20797 1.27858 0.734055 -0.674019 -0.00254814 -0.0827917
2465 8.85646 1.2102 1.26823 0.738294 -0.670028 0.00407341 -0.0772521
2471 8.81217 1.26474 1.27386 0.736004 -0.671152 0.00781729 -0.0882753
2474 8.82395 1.25959 1.28352 0.739776 -0.667756 -0.0100023 -0.0820501
2477 8.90868 1.18613 1.26592 0.743966 -0.664062 -0.00242023 -0.0743679
2479 8.91139 1.13097 1.25879 0.747992 -0.658499 0.00696942 -0.0827003
2482 8.94284 1.05092 1.26335 0.751621 -0.654328 -0.00215449 -0.0831654
2506 8.87835 1.14954 1.27807 0.762062 -0.642928 0.0127407 -0.0757798
2522 8.85786 1.0979 1.25963 0.769567 -0.634404 0.00500674 -0.0726141
2525 8.81803 1.06983 1.25502 0.765386 -0.638961 0.0120334 -0.0759521
2533 8.78817 1.1061 1.24088 0.75534 -0.650618 -0.000801376 -0.0784677
2534 8.78621 1.132 1.26179 0.751292 -0.656143 0.00501693 -0.0707907
2543 8.87695 1.09734 1.21709 0.753491 -0.651363 -0.00288405 -0.0892693
2549 8.89705 1.10075 1.24934 0.732641 -0.675397 0.00870198 -0.0836719
2555 8.83172 1.13671 1.27028 0.768687 -0.635532 0.00991963 -0.0715608
2556 8.80601 1.16046 1.25789 0.765661 -0.637045 -0.000715799 -0.0890933
2557 8.81249 1.19181 1.25277 0.772882 -0.629644 0.00216374 -0.0787188
2558 8.82858 1.21479 1.26161 0.780131 -0.619901 0.00122458 -0.0843556
2559 8.82724 1.23645 1.25876 0.778825 -0.621692 0.00898421 -0.0827586
2569 8.80972 1.13238 1.20947 0.790793 -0.605434 0.00239181 -0.0899462
2570 8.84417 1.17622 1.25211 0.793954 -0.6033 0.00763214 -0.0748921
2571 8.85884 1.15977 1.25914 0.795459 -0.600579 0.0149286 -0.0795401
2575 8.90567 1.13874 1.25305 0.808604 -0.582511 0.00159436 -0.0826953
2582 8.90915 1.11383 1.24841 0.80651 -0.586281 0.0126638 -0.075209
2585 8.9692 1.09706 1.24485 0.806366 -0.586211 0.0140566 -0.0770278
2586 8.97865 1.08966 1.24069 0.80394 -0.588893 0.015932 -0.0814405
2593 9.02109 1.13622 1.2443 0.802602 -0.592002 0.00765048 -0.0728319
2594 9.02476 1.14807 1.26803 0.792543 -0.605778 0.00371409 -0.0699645
2595 9.03469 1.16998 1.27727 0.773418 -0.628685 -0.0118231 -0.0802485
2596 9.04193 1.17729 1.27539 0.764934 -0.639304 -0.0171921 -0.0766195
2597 8.98383 1.20791 1.25366 0.76558 -0.638707 0.0033237 -0.0770041
2598 8.94477 1.20603 1.25501 0.762478 -0.642894 -0.000183991 -0.0728968
2603 8.89032 1.14491 1.23068 0.776705 -0.625952 0.000324657 -0.0700888
2606 8.93928 1.11987 1.24287 0.778576 -0.622801 -0.00976491 -0.0764423
2611 9.00606 1.12621 1.22693 0.792153 -0.605133 0.00472024 -0.0792769
