208 -0.359448 0.564274 1.19233 0.906695 -0.186778 0.349626 0.144154
211 -0.371884 0.562546 1.19261 0.895529 -0.185048 0.375337 0.151349
214 -0.379387 0.522487 1.19103 0.880084 -0.168455 0.417288 0.15148
232 -0.254837 0.55942 1.44356 0.884485 -0.123964 0.383914 0.234369
241 -0.227991 0.435057 1.37336 0.929184 -0.111003 0.31754 0.153178
245 -0.210829 0.426111 1.34844 0.929638 -0.111846 0.317361 0.15015
258 -0.29905 0.432474 1.30844 0.666821 -0.10985 0.711746 0.191571
264 -0.376199 0.421224 1.20357 0.647853 -0.120654 0.729356 0.183762
271 -0.433342 0.426621 1.13982 0.646824 -0.136908 0.727474 0.183456
310 -0.728362 0.38865 2.44372 0.690682 -0.112084 0.693453 0.171812
321 -0.806766 0.428586 2.40219 0.684807 -0.136214 0.692914 0.179878
330 -0.820016 0.500363 2.29964 0.634692 -0.156943 0.732299 0.190457
333 -0.766318 0.563329 2.48333 0.620225 -0.195724 0.73411 0.19518
335 -0.753327 0.533052 2.57239 0.646789 -0.190805 0.718909 0.168602
336 -0.769487 0.494773 2.61453 0.657562 -0.181218 0.716413 0.146713
338 -0.791839 0.411965 2.70614 0.671063 -0.164036 0.71232 0.123962
339 -0.792384 0.456747 2.7691 0.667715 -0.179656 0.709266 0.137195
349 -0.784599 0.533713 3.43353 0.679429 -0.142105 0.69264 0.19604
351 -0.76264 0.487226 3.45782 0.6801 -0.129284 0.699261 0.17828
363 -0.809137 0.470511 3.4915 0.713334 -0.132774 0.663995 0.180655
369 -0.811972 0.612407 4.03837 0.633024 -0.144103 0.732385 0.205248
371 -0.840885 0.555656 4.19597 0.665602 -0.12872 0.712841 0.17962
373 -0.830301 0.566781 4.29949 0.654657 -0.131088 0.720595 0.187035
378 -0.809091 0.586833 4.51251 0.674347 -0.118318 0.697991 0.209918
379 -0.826847 0.55005 4.53869 0.677257 -0.105397 0.701209 0.196266
383 -0.822968 0.567359 4.47735 0.675867 -0.120666 0.700154 0.196029
387 -0.856216 0.533625 4.42834 0.675815 -0.113131 0.704393 0.18522
390 -0.849265 0.614491 4.53089 0.684746 -0.123595 0.69111 0.195485
394 -0.75919 0.730779 4.84882 0.642088 -0.16833 0.718485 0.207768
397 -0.806988 0.676787 5.05631 0.673067 -0.16689 0.697157 0.181935
401 -0.850713 0.546667 5.20784 0.75972 -0.152376 0.612364 0.156899
402 -0.887438 0.535426 5.15853 0.723121 -0.140733 0.656799 0.16095
404 -0.870372 0.57238 5.16212 0.705328 -0.154266 0.670753 0.169723
407 -0.86728 0.558738 5.1802 0.6911 -0.141063 0.689564 0.164267
410 -0.833536 0.575568 5.21628 0.701548 -0.133464 0.680202 0.165357
411 -0.830153 0.571173 5.2239 0.712572 -0.130381 0.670225 0.16137
412 -0.800694 0.605498 5.17441 0.695823 -0.140832 0.682495 0.173773
424 -0.780726 0.699834 5.67134 0.6783 -0.151289 0.694377 0.186709
425 -0.79403 0.682936 5.77008 0.687798 -0.142636 0.688028 0.182226
426 -0.832801 0.678012 5.85541 0.692903 -0.13342 0.684205 0.184249
428 -0.816893 0.629142 5.92101 0.683343 -0.126586 0.695321 0.183159
430 -0.854442 0.625599 5.91933 0.656723 -0.117338 0.721263 0.186353
431 -0.817718 0.64743 5.95268 0.667489 -0.132028 0.707152 0.19226
435 -0.839243 0.647935 5.95087 0.695005 -0.139041 0.679735 0.18867
441 -0.884255 0.663079 5.93434 0.691023 -0.140843 0.681723 0.194689
442 -0.891089 0.668709 5.92388 0.688401 -0.140801 0.685144 0.19198
444 -0.87524 0.695822 6.06879 0.701747 -0.138102 0.673025 0.188456
445 -0.889699 0.656281 6.0861 0.683955 -0.126753 0.697642 0.171568
453 -0.861146 0.659324 6.72629 0.705929 -0.127403 0.671798 0.184715
455 -0.843101 0.72975 6.73202 0.687114 -0.135 0.684051 0.204265
458 -0.796568 0.774408 6.76155 0.672787 -0.147304 0.693288 0.212156
459 -0.813682 0.761541 6.77687 0.681981 -0.145172 0.687407 0.203221
460 -0.788605 0.74982 6.79025 0.689207 -0.145705 0.679458 0.205187
462 -0.773831 0.727862 6.79448 0.687867 -0.139067 0.683691 0.200166
467 -0.726416 0.725521 6.81997 0.710371 -0.138548 0.661662 0.195912
470 -0.733174 0.704707 6.83254 0.705373 -0.130527 0.670933 0.18778
471 -0.736739 0.695982 6.8127 0.721833 -0.127994 0.658745 0.169201
482 -0.770206 0.739695 7.55306 0.741929 -0.134472 0.635863 0.164734
489 -0.717108 0.886834 7.71902 0.672959 -0.144538 0.688112 0.229644
504 -0.739356 0.996172 8.3153 0.63328 -0.135698 0.725071 0.234127
505 -0.801956 0.991417 8.47806 0.663882 -0.131901 0.699632 0.228862
507 -0.776049 0.991597 8.56697 0.659797 -0.128346 0.699822 0.241752
508 -0.772894 0.983841 8.54609 0.649299 -0.121774 0.709373 0.245705
510 -0.837188 0.918621 8.66701 0.670514 -0.0989388 0.69801 0.231095
515 -0.767276 0.966704 8.69656 0.683647 -0.119931 0.677138 0.244392
517 -0.77252 0.916929 8.71315 0.702129 -0.104144 0.665771 0.23004
530 -0.631809 1.23107 9.5664 0.660775 -0.134143 0.684335 0.27761
535 -0.634825 1.1996 9.63377 0.664605 -0.12545 0.685975 0.268329
538 -0.651104 1.18757 9.6751 0.666406 -0.112122 0.687936 0.264718
539 -0.63967 1.21625 9.67972 0.667645 -0.121377 0.680715 0.275943
543 -0.641647 1.21522 9.66054 0.685501 -0.132766 0.660691 0.275587
594 -0.610191 1.28505 10.4824 0.769333 -0.132545 0.579592 0.233736
599 -0.647085 1.31758 10.5216 0.641216 -0.0954233 0.714131 0.264109
602 -0.651453 1.31651 10.559 0.65683 -0.0909782 0.698895 0.268036
603 -0.664491 1.27673 10.5603 0.655549 -0.0795822 0.704936 0.258819
605 -0.642262 1.30404 10.5811 0.662582 -0.0896345 0.694555 0.265601
612 -0.587483 1.3694 10.5748 0.674354 -0.124594 0.680095 0.259217
625 -0.627178 1.52091 11.2562 0.628964 -0.127855 0.722753 0.256292
629 -0.604495 1.51629 11.377 0.658966 -0.119712 0.696928 0.256367
630 -0.597825 1.52681 11.3934 0.66085 -0.120999 0.693638 0.259812
649 -0.481903 1.4894 11.3477 0.26642 -0.0805747 0.938782 0.203016
650 -0.456938 1.4884 11.3239 0.260443 -0.0864719 0.940135 0.202084
655 -0.48007 1.49243 11.2985 0.264687 -0.0940071 0.937343 0.206134
656 -0.490364 1.47792 11.2935 0.271804 -0.0918149 0.936192 0.203068
657 -0.463881 1.47897 11.282 0.261282 -0.0945683 0.938834 0.203419
702 -0.409011 1.61476 11.2427 -0.0025863 -0.175979 0.984349 0.00907633
703 -0.449783 1.69009 11.2219 0.00635149 -0.212084 0.976981 0.0221097
704 -0.485594 1.59428 11.1958 -0.0127069 -0.179693 0.98347 0.0183088
737 -0.857228 1.64115 11.1736 0.0784717 -0.191489 0.975718 0.0717474
738 -0.833172 1.62093 11.1791 0.0697903 -0.178744 0.979519 0.0610108
744 -0.830942 1.70497 11.1578 0.0800309 -0.208081 0.972959 0.0603948
745 -0.821353 1.70997 11.139 0.0811435 -0.210457 0.972354 0.0604196
747 -0.841059 1.69386 11.116 0.0783389 -0.207814 0.973212 0.0594601
762 -1.4683 1.78593 11.2015 -0.136114 -0.228917 0.961828 0.062902
764 -1.60187 1.84151 11.2046 -0.134762 -0.245321 0.958175 0.0596388
773 -1.72215 1.71377 11.2435 -0.100152 -0.206701 0.972646 0.0347077
782 -1.76389 1.72981 11.2201 -0.0677411 -0.210394 0.974831 0.0291574
787 -1.98182 1.77044 11.2101 -0.0532208 -0.209264 0.975396 0.0444909
788 -2.05475 1.83177 11.2345 -0.0450878 -0.233931 0.970123 0.0458881
803 -2.90519 1.87805 11.1142 -0.056347 -0.232781 0.969442 0.0530998
804 -2.90833 1.9008 11.115 -0.0783179 -0.241104 0.965968 0.051384
805 -2.93462 1.85373 11.072 -0.0840557 -0.227874 0.968931 0.0466934
810 -3.02324 1.74164 10.9233 -0.0912723 -0.215006 0.97165 0.0365771
811 -3.02607 1.8488 10.9278 -0.0868765 -0.247628 0.964458 0.030884
812 -2.96772 1.8252 10.9534 -0.0866792 -0.244436 0.965365 0.0284302
813 -2.9602 1.78997 10.9489 -0.0971972 -0.232985 0.967039 0.0332704
815 -2.97634 1.72293 10.9259 -0.0916212 -0.211055 0.972628 0.032493
817 -3.00653 1.76893 10.9496 -0.0890156 -0.221262 0.970438 0.0369979
823 -3.11808 1.79242 10.9973 -0.0360225 -0.22186 0.973996 0.0284932
825 -3.16759 1.81463 11.0213 -0.0663911 -0.218876 0.973195 0.0240083
826 -3.21183 1.94101 11.0599 -0.0855382 -0.255237 0.962855 0.0211478
857 -3.38341 1.696 11.2893 -0.42165 -0.161884 0.890605 -0.0531689
858 -3.39368 1.69324 11.2628 -0.412015 -0.161942 0.895237 -0.050687
872 -3.456 1.67043 11.2527 -0.377377 -0.156503 0.911984 -0.0371296
873 -3.45333 1.67263 11.2655 -0.369921 -0.157987 0.914778 -0.0371432
875 -3.45365 1.67274 11.218 -0.366929 -0.160177 0.915645 -0.0360803
878 -3.42699 1.68677 11.1989 -0.376666 -0.166572 0.910374 -0.0399411
880 -3.44502 1.66516 11.1685 -0.356799 -0.158297 0.919749 -0.0412023
885 -3.44665 1.60085 11.1426 -0.656284 -0.163939 0.736312 0.0161503
886 -3.45474 1.71203 11.232 -0.67263 -0.183136 0.716937 -0.00557594
893 -3.62508 1.73662 11.2757 0.744492 0.144757 -0.651738 -0.00386727
895 -3.60414 1.65473 11.3281 0.786725 0.112738 -0.606352 -0.0262918
896 -3.60561 1.68841 11.2826 0.774612 0.116957 -0.621357 -0.0146083
898 -3.58472 1.71746 11.2862 0.766631 0.126263 -0.629543 -0.00318482
899 -3.5779 1.74341 11.2971 0.774677 0.135989 -0.617537 0.00558241
901 -3.52733 1.66081 11.3547 0.782436 0.121806 -0.610582 -0.0121167
902 -3.51537 1.69111 11.3193 0.782384 0.128507 -0.609358 -0.00666321
906 -3.49808 1.73225 11.3318 0.713419 0.161235 -0.681017 0.0354008
907 -3.51606 1.73983 11.3936 0.727752 0.169252 -0.663365 0.0409499
910 -3.58717 1.90494 11.3974 0.725354 0.213517 -0.64383 0.117281
911 -3.61078 1.85711 11.4913 0.737653 0.201907 -0.633735 0.116109
914 -3.73073 1.96053 11.5953 0.786626 0.237087 -0.551781 0.143344
916 -3.78594 1.99019 11.6497 0.805615 0.217864 -0.52556 0.165247
917 -3.77907 1.94204 11.689 0.813638 0.197857 -0.518393 0.173535
918 -3.75976 1.86423 11.6541 0.797442 0.170868 -0.551447 0.175492
919 -3.79712 1.89261 11.7241 0.814027 0.177261 -0.517934 0.194123
921 -3.76414 1.79024 11.6644 0.81425 0.123412 -0.536631 0.18383
923 -3.74562 1.82999 11.5444 0.801694 0.136039 -0.542069 0.211995
932 -3.61643 1.75555 11.2824 0.763045 0.15861 -0.601942 0.173985
933 -3.61653 1.84641 11.2688 0.730436 0.17095 -0.628848 0.204424
936 -3.53171 1.7948 11.4497 0.736792 0.150972 -0.626804 0.203624
937 -3.51078 1.78274 11.4012 0.739131 0.154255 -0.62437 0.200132
940 -3.45237 1.84588 11.5108 0.754084 0.166658 -0.599672 0.209706
941 -3.45953 1.91395 11.3872 0.745009 0.191473 -0.598509 0.223799
943 -3.43369 1.80402 11.4242 0.754301 0.165455 -0.600453 0.207632
946 -3.4364 1.78038 11.4753 0.74283 0.151095 -0.61638 0.213188
949 -3.4342 1.74409 11.5008 0.765788 0.147433 -0.593566 0.198773
950 -3.45792 1.8373 11.4898 0.748678 0.164759 -0.600992 0.226152
952 -3.44392 1.83689 11.3908 0.762924 0.154398 -0.585965 0.225285
953 -3.46102 1.95027 11.3683 0.778597 0.176433 -0.54604 0.253963
956 -3.50117 1.96224 11.0059 0.757769 0.175418 -0.558539 0.288182
963 -3.36613 1.72152 10.4642 0.71948 0.166021 -0.622976 0.258236
970 -3.38339 1.66116 10.2845 0.68637 0.141715 -0.66905 0.247355
971 -3.39896 1.71198 10.2988 0.694996 0.158168 -0.652537 0.257211
974 -3.37666 1.77433 10.2999 0.691294 0.170767 -0.648409 0.269291
979 -3.39167 1.63386 10.2921 0.683124 0.13698 -0.675655 0.240975
983 -3.45516 1.71066 10.2951 0.690847 0.150572 -0.657248 0.260929
994 -3.35432 1.66008 9.3336 0.735106 0.175148 -0.60227 0.257321
1029 -3.4748 1.50429 9.03662 0.683388 0.153987 -0.67693 0.225909
1030 -3.4692 1.39991 9.04793 0.692374 0.127818 -0.682651 0.195624
1035 -3.50457 1.42843 9.04227 0.693182 0.13755 -0.677506 0.203873
1036 -3.52391 1.46501 9.06165 0.695896 0.144059 -0.670472 0.213176
1039 -3.55018 1.49673 9.04863 0.702781 0.136886 -0.665949 0.209458
1057 -3.36315 1.46463 8.49168 0.830701 0.137721 -0.481541 0.243078
1077 -2.92589 1.25474 8.24184 0.796533 0.0757044 -0.56265 0.207913
1079 -2.85729 1.21183 8.2577 0.762232 0.0755173 -0.609835 0.203473
1080 -2.8442 1.2069 8.21671 0.739093 0.0748002 -0.637076 0.20562
1081 -2.8383 1.24791 8.19314 0.734195 0.0820812 -0.636499 0.221561
1082 -2.80409 1.20621 8.22819 0.752381 0.0850946 -0.620221 0.204956
1083 -2.80294 1.23222 8.17429 0.740403 0.092239 -0.630051 0.215248
1085 -2.7748 1.23548 8.15569 0.744307 0.0981724 -0.623615 0.217884
1086 -2.75146 1.23564 8.13291 0.741692 0.104736 -0.62611 0.216588
1087 -2.75271 1.25356 8.12698 0.741749 0.110996 -0.622472 0.223646
1088 -2.71559 1.21236 8.23445 0.761667 0.10872 -0.603087 0.210546
1091 -2.7472 1.29354 8.03969 0.729885 0.105681 -0.626744 0.251577
1098 -2.69974 1.25169 7.45966 0.779383 0.0597705 -0.557821 0.278973
1111 -2.42751 1.09433 6.87107 0.704428 0.133084 -0.659168 0.227084
1113 -2.43252 1.12785 6.93623 0.724441 0.146499 -0.631156 0.235298
1115 -2.43676 1.10473 6.91276 0.724423 0.142859 -0.63472 0.227889
1116 -2.43712 1.10802 6.88529 0.716743 0.144966 -0.64318 0.22712
1117 -2.43875 1.09745 6.90921 0.729125 0.142584 -0.630574 0.22455
1127 -2.51944 1.02872 6.83384 -0.674276 -0.121341 0.694991 -0.218211
1130 -2.5603 1.13344 6.72466 0.691091 0.101327 -0.674194 0.239977
1140 -2.49613 0.804469 5.9656 0.763751 0.0988653 -0.605885 0.199534
1141 -2.48725 0.845783 5.92085 0.778639 0.10774 -0.587248 0.193009
1144 -2.43105 0.763801 5.80598 0.785178 0.104003 -0.586223 0.170354
1145 -2.42204 0.764936 5.82311 0.790384 0.105371 -0.578451 0.172004
1149 -2.39396 0.697204 5.84341 0.773375 0.0889059 -0.605925 0.163836
1151 -2.39498 0.691086 5.82375 0.740614 0.0801363 -0.645592 0.168165
1152 -2.39226 0.741156 5.7654 0.731852 0.094697 -0.651184 0.17716
1154 -2.3943 0.661672 5.85478 0.742231 0.0683238 -0.645824 0.165335
1155 -2.4096 0.722952 5.81888 0.741498 0.0869633 -0.64223 0.173663
1157 -2.43749 0.687679 5.74732 0.724637 0.0813984 -0.665869 0.157774
1159 -2.4394 0.743112 5.77202 0.717472 0.0871932 -0.668911 0.17375
1165 -2.46333 0.766522 5.65655 0.708696 0.0508194 -0.681006 0.177196
1168 -2.4192 0.860691 5.24381 0.705072 0.0771103 -0.675836 0.200432
1169 -2.44868 0.836412 5.14065 0.713066 0.0757678 -0.669312 0.194468
1173 -2.40252 0.672701 4.74342 0.738114 0.0979341 -0.652105 0.142672
1174 -2.40214 0.639346 4.65247 0.710985 0.0965577 -0.68382 0.132538
1176 -2.40853 0.596344 4.53764 -0.693193 -0.105675 0.704145 -0.111784
1177 -2.37859 0.634615 4.49671 -0.685032 -0.124947 0.709574 -0.107814
1178 -2.42738 0.590112 4.50234 -0.678111 -0.112285 0.718406 -0.107006
1180 -2.44599 0.696144 4.55179 -0.663168 -0.13529 0.726499 -0.118761
1183 -2.47573 0.705875 4.50972 -0.668783 -0.146001 0.722487 -0.0970842
1184 -2.50455 0.657168 4.47576 -0.669783 -0.136481 0.724925 -0.0851364
1185 -2.48759 0.650711 4.40298 -0.67021 -0.141747 0.72469 -0.0745051
1186 -2.52431 0.61864 4.36382 -0.641527 -0.136219 0.751473 -0.0719373
1187 -2.53956 0.564686 4.35724 -0.620595 -0.127345 0.770877 -0.0662837
1211 -3.14604 0.693708 3.61517 0.756693 0.140751 -0.617341 0.162772
1212 -3.13725 0.713426 3.51801 0.761738 0.145513 -0.610306 0.161576
1235 -3.22086 0.570713 3.32222 0.729985 0.0907932 -0.664569 0.131249
1236 -3.2138 0.625335 3.28152 0.723925 0.106544 -0.666239 0.143897
1238 -3.20194 0.619206 3.3074 0.707719 0.104014 -0.684463 0.140802
1239 -3.16961 0.691032 3.32793 0.718271 0.119926 -0.6662 0.16088
1240 -3.16469 0.67709 3.27775 0.704443 0.121207 -0.681377 0.157461
1241 -3.15001 0.596805 3.30408 -0.690701 -0.0993338 0.701617 -0.144219
1242 -3.1278 0.596949 3.27088 -0.688008 -0.100248 0.703638 -0.146591
1243 -3.12011 0.651476 3.31084 0.69936 0.116974 -0.686637 0.160445
1246 -3.09159 0.619257 3.32081 0.710748 0.113162 -0.676725 0.155158
1248 -3.09782 0.652306 3.25975 0.704418 0.120976 -0.68024 0.162583
1250 -3.09573 0.690781 3.22989 0.720346 0.125234 -0.660181 0.171986
1251 -3.10315 0.696173 3.19332 0.714141 0.118192 -0.665381 0.182486
1259 -3.10634 0.75032 2.37833 0.696914 0.129379 -0.664679 0.236166
1261 -3.09359 0.761416 2.2387 0.72836 0.162507 -0.627083 0.22327
1262 -3.04225 0.657565 2.10719 0.71127 0.147643 -0.655116 0.207652
1268 -2.99943 0.572842 1.99233 -0.642618 -0.154151 0.728505 -0.180444
1269 -2.99867 0.556847 2.08465 -0.671334 -0.146661 0.704452 -0.177618
1273 -3.08764 0.589942 2.07975 -0.660795 -0.150834 0.711795 -0.184247
1274 -3.09151 0.589223 2.10206 -0.657265 -0.149103 0.715083 -0.185544
1282 -3.22018 0.557015 2.07639 -0.673031 -0.16242 0.697867 -0.183386
1283 -3.19438 0.477596 2.0595 -0.681454 -0.14327 0.700316 -0.157008
1284 -3.24422 0.558615 2.07981 -0.681661 -0.155539 0.694247 -0.170782
1286 -3.26686 0.516534 2.05865 -0.676925 -0.132631 0.706806 -0.156863
1287 -3.27614 0.504627 2.09839 -0.686096 -0.128548 0.698709 -0.156697
1288 -3.28648 0.497266 2.06244 -0.683685 -0.130381 0.70102 -0.155393
1290 -3.30105 0.473527 2.12843 0.707705 0.119404 -0.680184 0.149153
1296 -3.30104 0.528325 2.07009 -0.682723 -0.119157 0.701624 -0.165573
1297 -3.31307 0.581204 2.05626 -0.669948 -0.124584 0.709237 -0.180642
1315 -3.395 0.583485 0.830841 0.68449 0.19037 -0.664798 0.230817
1317 -3.3556 0.556218 0.678462 -0.667284 -0.198235 0.682315 -0.223342
1318 -3.35905 0.610609 0.626333 -0.656582 -0.215498 0.684068 -0.233476
1320 -3.33259 0.603597 0.567852 -0.651595 -0.221346 0.686049 -0.23615
1321 -3.30738 0.598571 0.555114 -0.652038 -0.219536 0.686933 -0.234037
1323 -3.28264 0.618565 0.523616 -0.641016 -0.229333 0.692561 -0.238461
1327 -3.22967 0.590936 0.553787 -0.65352 -0.225458 0.684567 -0.23119
1329 -3.23398 0.659338 0.527204 -0.648184 -0.242216 0.680212 -0.24187
1342 -3.84937 0.569772 0.809159 0.954447 0.155552 -0.221056 0.126371
1345 -3.8298 0.583542 0.881895 0.951107 0.152852 -0.227266 0.142766
1348 -3.76838 0.607619 0.940734 0.947256 0.158599 -0.228754 0.158818
1359 -3.93955 0.735567 1.02588 0.949156 0.178761 0.129689 0.224341
1365 -4.04726 0.906162 0.802785 0.9143 0.185714 0.164656 0.320086
1368 -4.07145 0.815176 0.837015 0.937429 0.13612 0.103129 0.303417
1370 -4.106 0.824439 0.775557 0.931203 0.130645 0.120622 0.318187
1380 -3.8393 0.791212 0.94677 0.939276 0.0981122 0.0779246 0.319473
1383 -3.9033 0.749782 0.968077 0.941744 0.0861548 0.0742266 0.316523
1387 -3.95594 0.707843 0.981421 0.944419 0.0791744 0.0821087 0.308322
1391 -3.926 0.694416 1.00419 0.9491 0.079863 0.0659291 0.297465
1394 -3.97117 0.71702 0.94758 0.945091 0.0825275 0.0711441 0.308108
1396 -3.98236 0.714532 0.930792 0.94571 0.0929365 0.0933264 0.297129
1397 -3.93647 0.744826 0.899042 0.943255 0.0995816 0.105769 0.298608
1400 -3.92611 0.822436 0.828173 0.931862 0.10923 0.139525 0.316598
1403 -3.84417 0.875264 0.791661 0.929933 0.0888926 0.136947 0.329497
1421 -3.06436 0.817763 1.00495 0.93684 0.0558202 0.163151 0.304298
1423 -2.93917 0.758734 1.08112 0.939315 0.0651239 0.143506 0.304716
1437 -2.86555 0.633002 1.17441 0.946603 0.0618379 0.114748 0.294877
1438 -2.91791 0.668876 1.15899 0.939287 0.0610674 0.139127 0.307659
1440 -2.87722 0.681111 1.17167 0.939806 0.0557153 0.118693 0.315551
1444 -2.86048 0.689795 1.19995 0.938511 0.0567792 0.106305 0.323532
1447 -2.8806 0.664075 1.19212 0.938888 0.0631584 0.122741 0.315333
1454 -2.90301 0.689065 1.14283 0.943967 0.0258533 0.1158 0.307976
1456 -2.69026 0.791028 1.1333 0.935582 0.0202249 0.136521 0.325021
1463 -1.77266 0.784268 1.27275 0.935086 0.0813115 0.0732688 0.337096
1466 -1.77265 0.702172 1.25778 0.942391 0.0511165 0.0542409 0.326104
1474 -1.87572 0.663926 1.23077 0.946809 0.028677 0.0817695 0.309909
1476 -1.89657 0.701316 1.21978 0.940573 0.0370112 0.0954836 0.323784
1482 -1.92307 0.665097 1.20532 0.943342 0.0383447 0.0994177 0.314248
1489 -1.88684 0.649673 1.20954 0.947888 0.0371583 0.0734345 0.30779
1493 -1.89277 0.70393 1.22383 0.937545 0.0443702 0.103049 0.329275
1501 -1.94166 0.66532 1.27479 0.945219 0.00891736 0.1125 0.30631
1506 -1.95485 0.627524 1.27502 0.94376 -0.00341402 0.110063 0.311756
1513 -1.92522 0.575809 1.20539 0.949435 0.00203359 0.116601 0.291501
1516 -1.90425 0.556879 1.18676 0.951961 0.00425302 0.108723 0.286236
1531 -1.87185 0.449259 1.10676 0.958763 0.00784219 0.102588 0.264931
1548 -1.90085 0.408824 1.04103 0.961564 0.000853645 0.110895 0.251191
1563 -1.94307 0.495383 1.25655 0.954405 -0.000957204 0.0908364 0.284357
1566 -1.96559 0.386807 1.28786 0.965441 -0.0192663 0.0889774 0.244202
1569 -1.94242 0.485497 1.2803 0.963624 -0.0169949 0.0780805 0.255034
1594 -0.97912 0.555762 1.32259 0.955244 -0.0150054 0.114281 0.272441
1601 -0.763229 0.49097 1.51326 0.961823 0.00624045 0.0810841 0.261309
1603 -0.758409 0.56953 1.51213 0.953862 0.00702479 0.0753396 0.290556
1606 -0.755938 0.577345 1.51756 0.952113 0.00166609 0.0622879 0.29933
1612 -0.761943 0.492597 1.53892 0.957188 0.0127709 0.0993535 0.271583
1613 -0.743935 0.548541 1.51108 0.952937 0.0145494 0.0926545 0.288296
1618 -0.666561 0.52499 1.46151 0.956875 0.0179546 0.0428619 0.28676
1620 -0.693047 0.534349 1.41605 0.95672 0.0136491 0.0260628 0.289518
